Построение начато 13.01.2013 5:18:19.
     1>Проект "D:\dev\workspace\AliceDiploma\AliceDiploma\AliceDiploma.vcxproj" в узле 2 (целевые объекты build).
     1>InitializeBuildStatus:
         Обращение к "Debug\AliceDiploma.unsuccessfulbuild".
       ClCompile:
         D:\dev\Microsoft Visual Studio 10.0\VC\bin\CL.exe /c /ZI /nologo /W3 /WX- /Od /Oy- /D WIN32 /D _DEBUG /D _CONSOLE /Gm /EHsc /RTC1 /MDd /GS /fp:precise /Zc:wchar_t /Zc:forScope /Fo"Debug\\" /Fd"Debug\vc100.pdb" /Gd /TP /analyze- /errorReport:prompt AliceDiploma.cpp
         AliceDiploma.cpp
     1>d:\dev\workspace\alicediploma\alicediploma\union_pattern.h(65): warning C4018: <: несоответствие типов со знаком и без знака
     1>d:\dev\workspace\alicediploma\alicediploma\alicediploma.cpp(73): warning C4018: <: несоответствие типов со знаком и без знака
     1>d:\dev\workspace\alicediploma\alicediploma\alicediploma.cpp(182): warning C4996: 'mbstowcs': This function or variable may be unsafe. Consider using mbstowcs_s instead. To disable deprecation, use _CRT_SECURE_NO_WARNINGS. See online help for details.
                 d:\dev\microsoft visual studio 10.0\vc\include\stdlib.h(498): см. объявление "mbstowcs"
     1>d:\dev\workspace\alicediploma\alicediploma\alicediploma.cpp(197): warning C4996: 'wcstombs': This function or variable may be unsafe. Consider using wcstombs_s instead. To disable deprecation, use _CRT_SECURE_NO_WARNINGS. See online help for details.
                 d:\dev\microsoft visual studio 10.0\vc\include\stdlib.h(533): см. объявление "wcstombs"
     1>d:\dev\workspace\alicediploma\alicediploma\alicediploma.cpp(202): warning C4018: <: несоответствие типов со знаком и без знака
     1>d:\dev\workspace\alicediploma\alicediploma\alicediploma.cpp(211): warning C4996: 'strcpy': This function or variable may be unsafe. Consider using strcpy_s instead. To disable deprecation, use _CRT_SECURE_NO_WARNINGS. See online help for details.
                 d:\dev\microsoft visual studio 10.0\vc\include\string.h(105): см. объявление "strcpy"
     1>d:\dev\workspace\alicediploma\alicediploma\alicediploma.cpp(212): warning C4996: 'strcpy': This function or variable may be unsafe. Consider using strcpy_s instead. To disable deprecation, use _CRT_SECURE_NO_WARNINGS. See online help for details.
                 d:\dev\microsoft visual studio 10.0\vc\include\string.h(105): см. объявление "strcpy"
     1>d:\dev\workspace\alicediploma\alicediploma\alicediploma.cpp(218): warning C4018: <: несоответствие типов со знаком и без знака
     1>d:\dev\workspace\alicediploma\alicediploma\alicediploma.cpp(221): warning C4018: <: несоответствие типов со знаком и без знака
     1>d:\dev\workspace\alicediploma\alicediploma\alicediploma.cpp(224): warning C4018: <: несоответствие типов со знаком и без знака
     1>d:\dev\workspace\alicediploma\alicediploma\alicediploma.cpp(208): warning C4101: buf: неиспользованная локальная переменная
       ResourceCompile:
         Для всех выходных данных обновления не требуется.
       ManifestResourceCompile:
         Для всех выходных данных обновления не требуется.
       Link:
         D:\dev\Microsoft Visual Studio 10.0\VC\bin\link.exe /ERRORREPORT:PROMPT /OUT:"D:\dev\workspace\AliceDiploma\Debug\AliceDiploma.exe" /INCREMENTAL /NOLOGO kernel32.lib user32.lib gdi32.lib winspool.lib comdlg32.lib advapi32.lib shell32.lib ole32.lib oleaut32.lib uuid.lib odbc32.lib odbccp32.lib /MANIFEST /ManifestFile:"Debug\AliceDiploma.exe.intermediate.manifest" /MANIFESTUAC:"level='asInvoker' uiAccess='false'" /DEBUG /PDB:"D:\dev\workspace\AliceDiploma\Debug\AliceDiploma.pdb" /SUBSYSTEM:CONSOLE /TLBID:1 /DYNAMICBASE /NXCOMPAT /IMPLIB:"D:\dev\workspace\AliceDiploma\Debug\AliceDiploma.lib" /MACHINE:X86 Debug\AliceDiploma.res
         Debug\AliceDiploma.exe.embed.manifest.res
         Debug\AliceDiploma.obj
         Debug\codecvt.obj
         Debug\Segment.obj
         Debug\stdafx.obj
         Debug\union_pattern.obj
         Debug\Word.obj
       Manifest:
         C:\Program Files\Microsoft SDKs\Windows\v7.0A\bin\mt.exe /nologo /verbose /out:"Debug\AliceDiploma.exe.embed.manifest" /manifest Debug\AliceDiploma.exe.intermediate.manifest
         Для всех выходных данных обновления не требуется.
       LinkEmbedManifest:
         Для всех выходных данных обновления не требуется.
         AliceDiploma.vcxproj -> D:\dev\workspace\AliceDiploma\Debug\AliceDiploma.exe
       FinalizeBuildStatus:
         Файл "Debug\AliceDiploma.unsuccessfulbuild" удаляется.
         Обращение к "Debug\AliceDiploma.lastbuildstate".
     1>Построение проекта "D:\dev\workspace\AliceDiploma\AliceDiploma\AliceDiploma.vcxproj" завершено (целевые объекты build).

Построение успешно завершено.

Затраченное время: 00:00:05.58
